Running: /opt/Xilinx/14.7/ISE_DS/ISE/bin/lin64/unwrapped/fuse -intstyle ise -incremental -lib secureip -o /home/raul/Desktop/485-project/cpu/tb_ALU_isim_beh.exe -prj /home/raul/Desktop/485-project/cpu/tb_ALU_beh.prj work.tb_ALU 
ISim P.20131013 (signature 0xfbc00daa)
Number of CPUs detected in this system: 4
Turning on mult-threading, number of parallel sub-compilation jobs: 8 
Determining compilation order of HDL files
Parsing VHDL file "/home/raul/Desktop/485-project/cpu/ALU.vhd" into library work
Parsing VHDL file "/home/raul/Desktop/485-project/cpu/tb_ALU.vhd" into library work
Starting static elaboration
Completed static elaboration
Fuse Memory Usage: 97572 KB
Fuse CPU Usage: 840 ms
Compiling package standard
Compiling package std_logic_1164
Compiling package numeric_std
Compiling architecture behavioral of entity ALU [alu_default]
Compiling architecture behavior of entity tb_alu
Time Resolution for simulation is 1ps.
Waiting for 1 sub-compilation(s) to finish...
Compiled 6 VHDL Units
Built simulation executable /home/raul/Desktop/485-project/cpu/tb_ALU_isim_beh.exe
Fuse Memory Usage: 669116 KB
Fuse CPU Usage: 900 ms
GCC CPU Usage: 990 ms
