ISim log file
Running: /home/raul/Desktop/485-project/cpu/tb_main_isim_beh.exe -intstyle ise -gui -tclbatch isim.cmd -wdb /home/raul/Desktop/485-project/cpu/tb_main_isim_beh.wdb 
ISim P.20131013 (signature 0xfbc00daa)
----------------------------------------------------------------------
INFO:Security:51 - The XILINXD_LICENSE_FILE environment variable is not set.
INFO:Security:53 - The LM_LICENSE_FILE environment variable is not set.
INFO:Security:68a - user is raul, on host unknown.
WARNING:Security:43 - No license file was found in the standard Xilinx license directory.
WARNING:Security:44 - Since no license file was found,
       please run the Xilinx License Configuration Manager
       (xlcm or "Manage Xilinx Licenses")
       to assist in obtaining a license.
ERROR:Security:14 - No feature was available for 'ISIM'.

No such feature exists.
Feature:       ISIM
License path:  /home/raul/.Xilinx/*.lic:/opt/Xilinx/14.7/ISE_DS/ISE//data/*.lic:/opt/Xilinx/14.7/ISE_DS/ISE//coregen/core_licenses/Xilinx.lic:/opt/Xilinx/14.7/ISE_DS/ISE//coregen/core_licenses/XilinxFree.lic:/opt/Xilinx/14.7/ISE_DS/EDK/data/core_licenses/Xilinx.lic:
FLEXnet Licensing error:-5,357
For further information, refer to the FLEXnet Licensing documentation,
available at "www.flexerasoftware.com".
----------------------------------------------------------------------
WARNING: A full ISim License cannot be checked out due to the issues listed above. Please use Xilinx License Configuration Manager to fix these issues in order to check out a full ISim license.
WARNING: ISim will run in Lite mode. Please refer to the ISim documentation for more information on the differences between the Lite and the Full version.
This is a Lite version of ISim.
Time resolution is 1 ps
# onerror resume
# wave add /
# run 1000 ns
Simulator is doing circuit initialization process.
at 0 ps, Instance /tb_main/uut/U7/ : Warning: NUMERIC_STD.TO_INTEGER: metavalue detected, returning 0
at 0 ps, Instance /tb_main/uut/U7/ : Warning: NUMERIC_STD.TO_INTEGER: metavalue detected, returning 0
Finished circuit initialization process.
at 0 ps, Instance /tb_main/uut/U3/ : Warning: There is an 'U'|'X'|'W'|'Z'|'-' in an arithmetic operand, the result will be 'X'(es).
at 0 ps, Instance /tb_main/uut/U3/ : Warning: CONV_INTEGER: There is an 'U'|'X'|'W'|'Z'|'-' in an arithmetic operand, and it has been converted to 0.
at 301 ns(1), Instance /tb_main/uut/U3/ : Warning: CONV_INTEGER: There is an 'U'|'X'|'W'|'Z'|'-' in an arithmetic operand, and it has been converted to 0.
at 402 ns(1), Instance /tb_main/uut/U7/ : Warning: NUMERIC_STD.TO_INTEGER: metavalue detected, returning 0
at 402 ns(2), Instance /tb_main/uut/U7/ : Warning: NUMERIC_STD.TO_INTEGER: metavalue detected, returning 0
at 402 ns(2), Instance /tb_main/uut/U7/ : Warning: NUMERIC_STD.TO_INTEGER: metavalue detected, returning 0

** Failure:End
User(VHDL) Code Called Simulation Stop
In process tb_main.vhd:stim_proc 
 
INFO: Simulator is stopped.
# restart
# run all
Simulator is doing circuit initialization process.
at 0 ps, Instance /tb_main/uut/U7/ : Warning: NUMERIC_STD.TO_INTEGER: metavalue detected, returning 0
at 0 ps, Instance /tb_main/uut/U7/ : Warning: NUMERIC_STD.TO_INTEGER: metavalue detected, returning 0
Finished circuit initialization process.
at 0 ps, Instance /tb_main/uut/U3/ : Warning: CONV_INTEGER: There is an 'U'|'X'|'W'|'Z'|'-' in an arithmetic operand, and it has been converted to 0.
at 301 ns(1), Instance /tb_main/uut/U3/ : Warning: CONV_INTEGER: There is an 'U'|'X'|'W'|'Z'|'-' in an arithmetic operand, and it has been converted to 0.
at 402 ns(1), Instance /tb_main/uut/U7/ : Warning: NUMERIC_STD.TO_INTEGER: metavalue detected, returning 0
at 402 ns(2), Instance /tb_main/uut/U7/ : Warning: NUMERIC_STD.TO_INTEGER: metavalue detected, returning 0
at 402 ns(2), Instance /tb_main/uut/U7/ : Warning: NUMERIC_STD.TO_INTEGER: metavalue detected, returning 0

** Failure:End
User(VHDL) Code Called Simulation Stop
In process tb_main.vhd:stim_proc 
 
INFO: Simulator is stopped.
# exit 0
