Command line:
   tb_main_isim_beh.exe
     -simmode  gui
     -simrunnum  0
     -socket  36583

Fri Nov  9 11:38:48 2018


 Elaboration Time: 0.01 sec

 Current Memory Usage: 196.948 Meg

 Total Signals          : 19
 Total Nets             : 180
 Total Signal Drivers   : 3
 Total Blocks           : 5
 Total Primitive Blocks : 3
 Total Processes        : 4
 Total Traceable Variables  : 9
 Total Scalar Nets and Variables : 541
Total Line Count : 12

** Failure:End
User(VHDL) Code Called Simulation Stop
In process tb_main.vhd:stim_proc 
 

Total Line Count : 12

** Failure:End
User(VHDL) Code Called Simulation Stop
In process tb_main.vhd:stim_proc 
 


 Total Simulation Time: 0.01 sec

 Current Memory Usage: 272.45 Meg

Fri Nov  9 11:39:20 2018

