Command line:
   tb_ALU_isim_beh.exe
     -simmode  gui
     -simrunnum  0
     -socket  38009

Fri Nov  9 12:06:02 2018


 Elaboration Time: 0.01 sec

 Current Memory Usage: 197.03 Meg

 Total Signals          : 11
 Total Nets             : 133
 Total Signal Drivers   : 6
 Total Blocks           : 4
 Total Primitive Blocks : 3
 Total Processes        : 4
 Total Traceable Variables  : 13
 Total Scalar Nets and Variables : 616
Total Line Count : 20

** Failure:End
User(VHDL) Code Called Simulation Stop
In process tb_ALU.vhd:stim_proc 
 

