Command line:
   tb_registers_isim_beh.exe
     -simmode  gui
     -simrunnum  0
     -socket  50609

Fri Nov  9 12:41:02 2018


 Elaboration Time: 0.01 sec

 Current Memory Usage: 197.571 Meg

 Total Signals          : 15
 Total Nets             : 1136
 Total Signal Drivers   : 5
 Total Blocks           : 4
 Total Primitive Blocks : 3
 Total Processes        : 4
 Total Traceable Variables  : 13
 Total Scalar Nets and Variables : 1619
Total Line Count : 9

** Failure:End
User(VHDL) Code Called Simulation Stop
In process tb_registers.vhd:stim_proc 
 


 Total Simulation Time: 0.02 sec

 Current Memory Usage: 273.072 Meg

Fri Nov  9 12:46:35 2018

